ARM GAS  /tmp/cczLHSm0.s 			page 1


   1              		.cpu cortex-m3
   2              		.arch armv7-m
   3              		.fpu softvfp
   4              		.eabi_attribute 20, 1
   5              		.eabi_attribute 21, 1
   6              		.eabi_attribute 23, 3
   7              		.eabi_attribute 24, 1
   8              		.eabi_attribute 25, 1
   9              		.eabi_attribute 26, 1
  10              		.eabi_attribute 30, 6
  11              		.eabi_attribute 34, 1
  12              		.eabi_attribute 18, 4
  13              		.file	"stm32f1xx_it.c"
  14              		.text
  15              	.Ltext0:
  16              		.cfi_sections	.debug_frame
  17              		.file 1 "Core/Src/stm32f1xx_it.c"
  18              		.section	.text.NMI_Handler,"ax",%progbits
  19              		.align	1
  20              		.global	NMI_Handler
  21              		.syntax unified
  22              		.thumb
  23              		.thumb_func
  25              	NMI_Handler:
  26              	.LFB65:
   1:Core/Src/stm32f1xx_it.c **** /* USER CODE BEGIN Header */
   2:Core/Src/stm32f1xx_it.c **** /**
   3:Core/Src/stm32f1xx_it.c ****   ******************************************************************************
   4:Core/Src/stm32f1xx_it.c ****   * @file    stm32f1xx_it.c
   5:Core/Src/stm32f1xx_it.c ****   * @brief   Interrupt Service Routines.
   6:Core/Src/stm32f1xx_it.c ****   ******************************************************************************
   7:Core/Src/stm32f1xx_it.c ****   * @attention
   8:Core/Src/stm32f1xx_it.c ****   *
   9:Core/Src/stm32f1xx_it.c ****   * Copyright (c) 2022 STMicroelectronics.
  10:Core/Src/stm32f1xx_it.c ****   * All rights reserved.
  11:Core/Src/stm32f1xx_it.c ****   *
  12:Core/Src/stm32f1xx_it.c ****   * This software is licensed under terms that can be found in the LICENSE file
  13:Core/Src/stm32f1xx_it.c ****   * in the root directory of this software component.
  14:Core/Src/stm32f1xx_it.c ****   * If no LICENSE file comes with this software, it is provided AS-IS.
  15:Core/Src/stm32f1xx_it.c ****   *
  16:Core/Src/stm32f1xx_it.c ****   ******************************************************************************
  17:Core/Src/stm32f1xx_it.c ****   */
  18:Core/Src/stm32f1xx_it.c **** /* USER CODE END Header */
  19:Core/Src/stm32f1xx_it.c **** 
  20:Core/Src/stm32f1xx_it.c **** /* Includes ------------------------------------------------------------------*/
  21:Core/Src/stm32f1xx_it.c **** #include "main.h"
  22:Core/Src/stm32f1xx_it.c **** #include "stm32f1xx_it.h"
  23:Core/Src/stm32f1xx_it.c **** /* Private includes ----------------------------------------------------------*/
  24:Core/Src/stm32f1xx_it.c **** /* USER CODE BEGIN Includes */
  25:Core/Src/stm32f1xx_it.c **** /* USER CODE END Includes */
  26:Core/Src/stm32f1xx_it.c **** 
  27:Core/Src/stm32f1xx_it.c **** /* Private typedef -----------------------------------------------------------*/
  28:Core/Src/stm32f1xx_it.c **** /* USER CODE BEGIN TD */
  29:Core/Src/stm32f1xx_it.c **** 
  30:Core/Src/stm32f1xx_it.c **** /* USER CODE END TD */
  31:Core/Src/stm32f1xx_it.c **** 
  32:Core/Src/stm32f1xx_it.c **** /* Private define ------------------------------------------------------------*/
ARM GAS  /tmp/cczLHSm0.s 			page 2


  33:Core/Src/stm32f1xx_it.c **** /* USER CODE BEGIN PD */
  34:Core/Src/stm32f1xx_it.c **** 
  35:Core/Src/stm32f1xx_it.c **** /* USER CODE END PD */
  36:Core/Src/stm32f1xx_it.c **** 
  37:Core/Src/stm32f1xx_it.c **** /* Private macro -------------------------------------------------------------*/
  38:Core/Src/stm32f1xx_it.c **** /* USER CODE BEGIN PM */
  39:Core/Src/stm32f1xx_it.c **** 
  40:Core/Src/stm32f1xx_it.c **** /* USER CODE END PM */
  41:Core/Src/stm32f1xx_it.c **** 
  42:Core/Src/stm32f1xx_it.c **** /* Private variables ---------------------------------------------------------*/
  43:Core/Src/stm32f1xx_it.c **** /* USER CODE BEGIN PV */
  44:Core/Src/stm32f1xx_it.c **** 
  45:Core/Src/stm32f1xx_it.c **** /* USER CODE END PV */
  46:Core/Src/stm32f1xx_it.c **** 
  47:Core/Src/stm32f1xx_it.c **** /* Private function prototypes -----------------------------------------------*/
  48:Core/Src/stm32f1xx_it.c **** /* USER CODE BEGIN PFP */
  49:Core/Src/stm32f1xx_it.c **** 
  50:Core/Src/stm32f1xx_it.c **** /* USER CODE END PFP */
  51:Core/Src/stm32f1xx_it.c **** 
  52:Core/Src/stm32f1xx_it.c **** /* Private user code ---------------------------------------------------------*/
  53:Core/Src/stm32f1xx_it.c **** /* USER CODE BEGIN 0 */
  54:Core/Src/stm32f1xx_it.c **** 
  55:Core/Src/stm32f1xx_it.c **** /* USER CODE END 0 */
  56:Core/Src/stm32f1xx_it.c **** 
  57:Core/Src/stm32f1xx_it.c **** /* External variables --------------------------------------------------------*/
  58:Core/Src/stm32f1xx_it.c **** 
  59:Core/Src/stm32f1xx_it.c **** /* USER CODE BEGIN EV */
  60:Core/Src/stm32f1xx_it.c **** 
  61:Core/Src/stm32f1xx_it.c **** /* USER CODE END EV */
  62:Core/Src/stm32f1xx_it.c **** 
  63:Core/Src/stm32f1xx_it.c **** /******************************************************************************/
  64:Core/Src/stm32f1xx_it.c **** /*           Cortex-M3 Processor Interruption and Exception Handlers          */
  65:Core/Src/stm32f1xx_it.c **** /******************************************************************************/
  66:Core/Src/stm32f1xx_it.c **** /**
  67:Core/Src/stm32f1xx_it.c ****   * @brief This function handles Non maskable interrupt.
  68:Core/Src/stm32f1xx_it.c ****   */
  69:Core/Src/stm32f1xx_it.c **** void NMI_Handler(void)
  70:Core/Src/stm32f1xx_it.c **** {
  27              		.loc 1 70 1
  28              		.cfi_startproc
  29              		@ args = 0, pretend = 0, frame = 0
  30              		@ frame_needed = 1, uses_anonymous_args = 0
  31              		@ link register save eliminated.
  32 0000 80B4     		push	{r7}
  33              	.LCFI0:
  34              		.cfi_def_cfa_offset 4
  35              		.cfi_offset 7, -4
  36 0002 00AF     		add	r7, sp, #0
  37              	.LCFI1:
  38              		.cfi_def_cfa_register 7
  39              	.L2:
  71:Core/Src/stm32f1xx_it.c ****   /* USER CODE BEGIN NonMaskableInt_IRQn 0 */
  72:Core/Src/stm32f1xx_it.c **** 
  73:Core/Src/stm32f1xx_it.c ****   /* USER CODE END NonMaskableInt_IRQn 0 */
  74:Core/Src/stm32f1xx_it.c ****   /* USER CODE BEGIN NonMaskableInt_IRQn 1 */
  75:Core/Src/stm32f1xx_it.c ****   while (1)
  40              		.loc 1 75 9 discriminator 1
ARM GAS  /tmp/cczLHSm0.s 			page 3


  41 0004 00BF     		nop
  42 0006 FDE7     		b	.L2
  43              		.cfi_endproc
  44              	.LFE65:
  46              		.section	.text.HardFault_Handler,"ax",%progbits
  47              		.align	1
  48              		.global	HardFault_Handler
  49              		.syntax unified
  50              		.thumb
  51              		.thumb_func
  53              	HardFault_Handler:
  54              	.LFB66:
  76:Core/Src/stm32f1xx_it.c ****   {
  77:Core/Src/stm32f1xx_it.c ****   }
  78:Core/Src/stm32f1xx_it.c ****   /* USER CODE END NonMaskableInt_IRQn 1 */
  79:Core/Src/stm32f1xx_it.c **** }
  80:Core/Src/stm32f1xx_it.c **** 
  81:Core/Src/stm32f1xx_it.c **** /**
  82:Core/Src/stm32f1xx_it.c ****   * @brief This function handles Hard fault interrupt.
  83:Core/Src/stm32f1xx_it.c ****   */
  84:Core/Src/stm32f1xx_it.c **** void HardFault_Handler(void)
  85:Core/Src/stm32f1xx_it.c **** {
  55              		.loc 1 85 1
  56              		.cfi_startproc
  57              		@ args = 0, pretend = 0, frame = 0
  58              		@ frame_needed = 1, uses_anonymous_args = 0
  59              		@ link register save eliminated.
  60 0000 80B4     		push	{r7}
  61              	.LCFI2:
  62              		.cfi_def_cfa_offset 4
  63              		.cfi_offset 7, -4
  64 0002 00AF     		add	r7, sp, #0
  65              	.LCFI3:
  66              		.cfi_def_cfa_register 7
  67              	.L4:
  86:Core/Src/stm32f1xx_it.c ****   /* USER CODE BEGIN HardFault_IRQn 0 */
  87:Core/Src/stm32f1xx_it.c **** 
  88:Core/Src/stm32f1xx_it.c ****   /* USER CODE END HardFault_IRQn 0 */
  89:Core/Src/stm32f1xx_it.c ****   while (1)
  68              		.loc 1 89 9 discriminator 1
  69 0004 00BF     		nop
  70 0006 FDE7     		b	.L4
  71              		.cfi_endproc
  72              	.LFE66:
  74              		.section	.text.MemManage_Handler,"ax",%progbits
  75              		.align	1
  76              		.global	MemManage_Handler
  77              		.syntax unified
  78              		.thumb
  79              		.thumb_func
  81              	MemManage_Handler:
  82              	.LFB67:
  90:Core/Src/stm32f1xx_it.c ****   {
  91:Core/Src/stm32f1xx_it.c ****     /* USER CODE BEGIN W1_HardFault_IRQn 0 */
  92:Core/Src/stm32f1xx_it.c ****     /* USER CODE END W1_HardFault_IRQn 0 */
  93:Core/Src/stm32f1xx_it.c ****   }
  94:Core/Src/stm32f1xx_it.c **** }
ARM GAS  /tmp/cczLHSm0.s 			page 4


  95:Core/Src/stm32f1xx_it.c **** 
  96:Core/Src/stm32f1xx_it.c **** /**
  97:Core/Src/stm32f1xx_it.c ****   * @brief This function handles Memory management fault.
  98:Core/Src/stm32f1xx_it.c ****   */
  99:Core/Src/stm32f1xx_it.c **** void MemManage_Handler(void)
 100:Core/Src/stm32f1xx_it.c **** {
  83              		.loc 1 100 1
  84              		.cfi_startproc
  85              		@ args = 0, pretend = 0, frame = 0
  86              		@ frame_needed = 1, uses_anonymous_args = 0
  87              		@ link register save eliminated.
  88 0000 80B4     		push	{r7}
  89              	.LCFI4:
  90              		.cfi_def_cfa_offset 4
  91              		.cfi_offset 7, -4
  92 0002 00AF     		add	r7, sp, #0
  93              	.LCFI5:
  94              		.cfi_def_cfa_register 7
  95              	.L6:
 101:Core/Src/stm32f1xx_it.c ****   /* USER CODE BEGIN MemoryManagement_IRQn 0 */
 102:Core/Src/stm32f1xx_it.c **** 
 103:Core/Src/stm32f1xx_it.c ****   /* USER CODE END MemoryManagement_IRQn 0 */
 104:Core/Src/stm32f1xx_it.c ****   while (1)
  96              		.loc 1 104 9 discriminator 1
  97 0004 00BF     		nop
  98 0006 FDE7     		b	.L6
  99              		.cfi_endproc
 100              	.LFE67:
 102              		.section	.text.BusFault_Handler,"ax",%progbits
 103              		.align	1
 104              		.global	BusFault_Handler
 105              		.syntax unified
 106              		.thumb
 107              		.thumb_func
 109              	BusFault_Handler:
 110              	.LFB68:
 105:Core/Src/stm32f1xx_it.c ****   {
 106:Core/Src/stm32f1xx_it.c ****     /* USER CODE BEGIN W1_MemoryManagement_IRQn 0 */
 107:Core/Src/stm32f1xx_it.c ****     /* USER CODE END W1_MemoryManagement_IRQn 0 */
 108:Core/Src/stm32f1xx_it.c ****   }
 109:Core/Src/stm32f1xx_it.c **** }
 110:Core/Src/stm32f1xx_it.c **** 
 111:Core/Src/stm32f1xx_it.c **** /**
 112:Core/Src/stm32f1xx_it.c ****   * @brief This function handles Prefetch fault, memory access fault.
 113:Core/Src/stm32f1xx_it.c ****   */
 114:Core/Src/stm32f1xx_it.c **** void BusFault_Handler(void)
 115:Core/Src/stm32f1xx_it.c **** {
 111              		.loc 1 115 1
 112              		.cfi_startproc
 113              		@ args = 0, pretend = 0, frame = 0
 114              		@ frame_needed = 1, uses_anonymous_args = 0
 115              		@ link register save eliminated.
 116 0000 80B4     		push	{r7}
 117              	.LCFI6:
 118              		.cfi_def_cfa_offset 4
 119              		.cfi_offset 7, -4
 120 0002 00AF     		add	r7, sp, #0
ARM GAS  /tmp/cczLHSm0.s 			page 5


 121              	.LCFI7:
 122              		.cfi_def_cfa_register 7
 123              	.L8:
 116:Core/Src/stm32f1xx_it.c ****   /* USER CODE BEGIN BusFault_IRQn 0 */
 117:Core/Src/stm32f1xx_it.c **** 
 118:Core/Src/stm32f1xx_it.c ****   /* USER CODE END BusFault_IRQn 0 */
 119:Core/Src/stm32f1xx_it.c ****   while (1)
 124              		.loc 1 119 9 discriminator 1
 125 0004 00BF     		nop
 126 0006 FDE7     		b	.L8
 127              		.cfi_endproc
 128              	.LFE68:
 130              		.section	.text.UsageFault_Handler,"ax",%progbits
 131              		.align	1
 132              		.global	UsageFault_Handler
 133              		.syntax unified
 134              		.thumb
 135              		.thumb_func
 137              	UsageFault_Handler:
 138              	.LFB69:
 120:Core/Src/stm32f1xx_it.c ****   {
 121:Core/Src/stm32f1xx_it.c ****     /* USER CODE BEGIN W1_BusFault_IRQn 0 */
 122:Core/Src/stm32f1xx_it.c ****     /* USER CODE END W1_BusFault_IRQn 0 */
 123:Core/Src/stm32f1xx_it.c ****   }
 124:Core/Src/stm32f1xx_it.c **** }
 125:Core/Src/stm32f1xx_it.c **** 
 126:Core/Src/stm32f1xx_it.c **** /**
 127:Core/Src/stm32f1xx_it.c ****   * @brief This function handles Undefined instruction or illegal state.
 128:Core/Src/stm32f1xx_it.c ****   */
 129:Core/Src/stm32f1xx_it.c **** void UsageFault_Handler(void)
 130:Core/Src/stm32f1xx_it.c **** {
 139              		.loc 1 130 1
 140              		.cfi_startproc
 141              		@ args = 0, pretend = 0, frame = 0
 142              		@ frame_needed = 1, uses_anonymous_args = 0
 143              		@ link register save eliminated.
 144 0000 80B4     		push	{r7}
 145              	.LCFI8:
 146              		.cfi_def_cfa_offset 4
 147              		.cfi_offset 7, -4
 148 0002 00AF     		add	r7, sp, #0
 149              	.LCFI9:
 150              		.cfi_def_cfa_register 7
 151              	.L10:
 131:Core/Src/stm32f1xx_it.c ****   /* USER CODE BEGIN UsageFault_IRQn 0 */
 132:Core/Src/stm32f1xx_it.c **** 
 133:Core/Src/stm32f1xx_it.c ****   /* USER CODE END UsageFault_IRQn 0 */
 134:Core/Src/stm32f1xx_it.c ****   while (1)
 152              		.loc 1 134 9 discriminator 1
 153 0004 00BF     		nop
 154 0006 FDE7     		b	.L10
 155              		.cfi_endproc
 156              	.LFE69:
 158              		.section	.text.SVC_Handler,"ax",%progbits
 159              		.align	1
 160              		.global	SVC_Handler
 161              		.syntax unified
ARM GAS  /tmp/cczLHSm0.s 			page 6


 162              		.thumb
 163              		.thumb_func
 165              	SVC_Handler:
 166              	.LFB70:
 135:Core/Src/stm32f1xx_it.c ****   {
 136:Core/Src/stm32f1xx_it.c ****     /* USER CODE BEGIN W1_UsageFault_IRQn 0 */
 137:Core/Src/stm32f1xx_it.c ****     /* USER CODE END W1_UsageFault_IRQn 0 */
 138:Core/Src/stm32f1xx_it.c ****   }
 139:Core/Src/stm32f1xx_it.c **** }
 140:Core/Src/stm32f1xx_it.c **** 
 141:Core/Src/stm32f1xx_it.c **** /**
 142:Core/Src/stm32f1xx_it.c ****   * @brief This function handles System service call via SWI instruction.
 143:Core/Src/stm32f1xx_it.c ****   */
 144:Core/Src/stm32f1xx_it.c **** void SVC_Handler(void)
 145:Core/Src/stm32f1xx_it.c **** {
 167              		.loc 1 145 1
 168              		.cfi_startproc
 169              		@ args = 0, pretend = 0, frame = 0
 170              		@ frame_needed = 1, uses_anonymous_args = 0
 171              		@ link register save eliminated.
 172 0000 80B4     		push	{r7}
 173              	.LCFI10:
 174              		.cfi_def_cfa_offset 4
 175              		.cfi_offset 7, -4
 176 0002 00AF     		add	r7, sp, #0
 177              	.LCFI11:
 178              		.cfi_def_cfa_register 7
 146:Core/Src/stm32f1xx_it.c ****   /* USER CODE BEGIN SVCall_IRQn 0 */
 147:Core/Src/stm32f1xx_it.c **** 
 148:Core/Src/stm32f1xx_it.c ****   /* USER CODE END SVCall_IRQn 0 */
 149:Core/Src/stm32f1xx_it.c ****   /* USER CODE BEGIN SVCall_IRQn 1 */
 150:Core/Src/stm32f1xx_it.c **** 
 151:Core/Src/stm32f1xx_it.c ****   /* USER CODE END SVCall_IRQn 1 */
 152:Core/Src/stm32f1xx_it.c **** }
 179              		.loc 1 152 1
 180 0004 00BF     		nop
 181 0006 BD46     		mov	sp, r7
 182              	.LCFI12:
 183              		.cfi_def_cfa_register 13
 184              		@ sp needed
 185 0008 80BC     		pop	{r7}
 186              	.LCFI13:
 187              		.cfi_restore 7
 188              		.cfi_def_cfa_offset 0
 189 000a 7047     		bx	lr
 190              		.cfi_endproc
 191              	.LFE70:
 193              		.section	.text.DebugMon_Handler,"ax",%progbits
 194              		.align	1
 195              		.global	DebugMon_Handler
 196              		.syntax unified
 197              		.thumb
 198              		.thumb_func
 200              	DebugMon_Handler:
 201              	.LFB71:
 153:Core/Src/stm32f1xx_it.c **** 
 154:Core/Src/stm32f1xx_it.c **** /**
ARM GAS  /tmp/cczLHSm0.s 			page 7


 155:Core/Src/stm32f1xx_it.c ****   * @brief This function handles Debug monitor.
 156:Core/Src/stm32f1xx_it.c ****   */
 157:Core/Src/stm32f1xx_it.c **** void DebugMon_Handler(void)
 158:Core/Src/stm32f1xx_it.c **** {
 202              		.loc 1 158 1
 203              		.cfi_startproc
 204              		@ args = 0, pretend = 0, frame = 0
 205              		@ frame_needed = 1, uses_anonymous_args = 0
 206              		@ link register save eliminated.
 207 0000 80B4     		push	{r7}
 208              	.LCFI14:
 209              		.cfi_def_cfa_offset 4
 210              		.cfi_offset 7, -4
 211 0002 00AF     		add	r7, sp, #0
 212              	.LCFI15:
 213              		.cfi_def_cfa_register 7
 159:Core/Src/stm32f1xx_it.c ****   /* USER CODE BEGIN DebugMonitor_IRQn 0 */
 160:Core/Src/stm32f1xx_it.c **** 
 161:Core/Src/stm32f1xx_it.c ****   /* USER CODE END DebugMonitor_IRQn 0 */
 162:Core/Src/stm32f1xx_it.c ****   /* USER CODE BEGIN DebugMonitor_IRQn 1 */
 163:Core/Src/stm32f1xx_it.c **** 
 164:Core/Src/stm32f1xx_it.c ****   /* USER CODE END DebugMonitor_IRQn 1 */
 165:Core/Src/stm32f1xx_it.c **** }
 214              		.loc 1 165 1
 215 0004 00BF     		nop
 216 0006 BD46     		mov	sp, r7
 217              	.LCFI16:
 218              		.cfi_def_cfa_register 13
 219              		@ sp needed
 220 0008 80BC     		pop	{r7}
 221              	.LCFI17:
 222              		.cfi_restore 7
 223              		.cfi_def_cfa_offset 0
 224 000a 7047     		bx	lr
 225              		.cfi_endproc
 226              	.LFE71:
 228              		.section	.text.PendSV_Handler,"ax",%progbits
 229              		.align	1
 230              		.global	PendSV_Handler
 231              		.syntax unified
 232              		.thumb
 233              		.thumb_func
 235              	PendSV_Handler:
 236              	.LFB72:
 166:Core/Src/stm32f1xx_it.c **** 
 167:Core/Src/stm32f1xx_it.c **** /**
 168:Core/Src/stm32f1xx_it.c ****   * @brief This function handles Pendable request for system service.
 169:Core/Src/stm32f1xx_it.c ****   */
 170:Core/Src/stm32f1xx_it.c **** void PendSV_Handler(void)
 171:Core/Src/stm32f1xx_it.c **** {
 237              		.loc 1 171 1
 238              		.cfi_startproc
 239              		@ args = 0, pretend = 0, frame = 0
 240              		@ frame_needed = 1, uses_anonymous_args = 0
 241              		@ link register save eliminated.
 242 0000 80B4     		push	{r7}
 243              	.LCFI18:
ARM GAS  /tmp/cczLHSm0.s 			page 8


 244              		.cfi_def_cfa_offset 4
 245              		.cfi_offset 7, -4
 246 0002 00AF     		add	r7, sp, #0
 247              	.LCFI19:
 248              		.cfi_def_cfa_register 7
 172:Core/Src/stm32f1xx_it.c ****   /* USER CODE BEGIN PendSV_IRQn 0 */
 173:Core/Src/stm32f1xx_it.c **** 
 174:Core/Src/stm32f1xx_it.c ****   /* USER CODE END PendSV_IRQn 0 */
 175:Core/Src/stm32f1xx_it.c ****   /* USER CODE BEGIN PendSV_IRQn 1 */
 176:Core/Src/stm32f1xx_it.c **** 
 177:Core/Src/stm32f1xx_it.c ****   /* USER CODE END PendSV_IRQn 1 */
 178:Core/Src/stm32f1xx_it.c **** }
 249              		.loc 1 178 1
 250 0004 00BF     		nop
 251 0006 BD46     		mov	sp, r7
 252              	.LCFI20:
 253              		.cfi_def_cfa_register 13
 254              		@ sp needed
 255 0008 80BC     		pop	{r7}
 256              	.LCFI21:
 257              		.cfi_restore 7
 258              		.cfi_def_cfa_offset 0
 259 000a 7047     		bx	lr
 260              		.cfi_endproc
 261              	.LFE72:
 263              		.section	.text.SysTick_Handler,"ax",%progbits
 264              		.align	1
 265              		.global	SysTick_Handler
 266              		.syntax unified
 267              		.thumb
 268              		.thumb_func
 270              	SysTick_Handler:
 271              	.LFB73:
 179:Core/Src/stm32f1xx_it.c **** 
 180:Core/Src/stm32f1xx_it.c **** /**
 181:Core/Src/stm32f1xx_it.c ****   * @brief This function handles System tick timer.
 182:Core/Src/stm32f1xx_it.c ****   */
 183:Core/Src/stm32f1xx_it.c **** void SysTick_Handler(void)
 184:Core/Src/stm32f1xx_it.c **** {
 272              		.loc 1 184 1
 273              		.cfi_startproc
 274              		@ args = 0, pretend = 0, frame = 0
 275              		@ frame_needed = 1, uses_anonymous_args = 0
 276 0000 80B5     		push	{r7, lr}
 277              	.LCFI22:
 278              		.cfi_def_cfa_offset 8
 279              		.cfi_offset 7, -8
 280              		.cfi_offset 14, -4
 281 0002 00AF     		add	r7, sp, #0
 282              	.LCFI23:
 283              		.cfi_def_cfa_register 7
 185:Core/Src/stm32f1xx_it.c ****   /* USER CODE BEGIN SysTick_IRQn 0 */
 186:Core/Src/stm32f1xx_it.c **** 
 187:Core/Src/stm32f1xx_it.c ****   /* USER CODE END SysTick_IRQn 0 */
 188:Core/Src/stm32f1xx_it.c ****   HAL_IncTick();
 284              		.loc 1 188 3
 285 0004 FFF7FEFF 		bl	HAL_IncTick
ARM GAS  /tmp/cczLHSm0.s 			page 9


 189:Core/Src/stm32f1xx_it.c ****   /* USER CODE BEGIN SysTick_IRQn 1 */
 190:Core/Src/stm32f1xx_it.c **** 
 191:Core/Src/stm32f1xx_it.c ****   /* USER CODE END SysTick_IRQn 1 */
 192:Core/Src/stm32f1xx_it.c **** }
 286              		.loc 1 192 1
 287 0008 00BF     		nop
 288 000a 80BD     		pop	{r7, pc}
 289              		.cfi_endproc
 290              	.LFE73:
 292              		.text
 293              	.Letext0:
 294              		.file 2 "Drivers/STM32F1xx_HAL_Driver/Inc/stm32f1xx_hal.h"
ARM GAS  /tmp/cczLHSm0.s 			page 10


DEFINED SYMBOLS
                            *ABS*:0000000000000000 stm32f1xx_it.c
     /tmp/cczLHSm0.s:19     .text.NMI_Handler:0000000000000000 $t
     /tmp/cczLHSm0.s:25     .text.NMI_Handler:0000000000000000 NMI_Handler
     /tmp/cczLHSm0.s:47     .text.HardFault_Handler:0000000000000000 $t
     /tmp/cczLHSm0.s:53     .text.HardFault_Handler:0000000000000000 HardFault_Handler
     /tmp/cczLHSm0.s:75     .text.MemManage_Handler:0000000000000000 $t
     /tmp/cczLHSm0.s:81     .text.MemManage_Handler:0000000000000000 MemManage_Handler
     /tmp/cczLHSm0.s:103    .text.BusFault_Handler:0000000000000000 $t
     /tmp/cczLHSm0.s:109    .text.BusFault_Handler:0000000000000000 BusFault_Handler
     /tmp/cczLHSm0.s:131    .text.UsageFault_Handler:0000000000000000 $t
     /tmp/cczLHSm0.s:137    .text.UsageFault_Handler:0000000000000000 UsageFault_Handler
     /tmp/cczLHSm0.s:159    .text.SVC_Handler:0000000000000000 $t
     /tmp/cczLHSm0.s:165    .text.SVC_Handler:0000000000000000 SVC_Handler
     /tmp/cczLHSm0.s:194    .text.DebugMon_Handler:0000000000000000 $t
     /tmp/cczLHSm0.s:200    .text.DebugMon_Handler:0000000000000000 DebugMon_Handler
     /tmp/cczLHSm0.s:229    .text.PendSV_Handler:0000000000000000 $t
     /tmp/cczLHSm0.s:235    .text.PendSV_Handler:0000000000000000 PendSV_Handler
     /tmp/cczLHSm0.s:264    .text.SysTick_Handler:0000000000000000 $t
     /tmp/cczLHSm0.s:270    .text.SysTick_Handler:0000000000000000 SysTick_Handler

UNDEFINED SYMBOLS
HAL_IncTick
